<?xml version="1.0" encoding="UTF-8"?>
<!-- Generated by org.testng.reporters.JUnitXMLReporter -->
<testsuite ignored="0" hostname="DESKTOP-E05HBQO" failures="1" tests="1" name="Surefire test" time="22.958" errors="0" timestamp="2025-05-18T20:23:23 IST">
  <testcase classname="io.cucumber.testng.AbstractTestNGCucumberTests" name="runScenario" time="22.163">
    <failure type="java.lang.IllegalArgumentException" message="Locator must be set">
      <![CDATA[java.lang.IllegalArgumentException: Locator must be set
at org.openqa.selenium.internal.Require.nonNull(Require.java:64)
at org.openqa.selenium.remote.RemoteWebDriver.findElement(RemoteWebDriver.java:360)
at org.openqa.selenium.support.ui.ExpectedConditions$7.apply(ExpectedConditions.java:194)
at org.openqa.selenium.support.ui.ExpectedConditions$7.apply(ExpectedConditions.java:190)
at org.openqa.selenium.support.ui.ExpectedConditions$22.apply(ExpectedConditions.java:627)
at org.openqa.selenium.support.ui.ExpectedConditions$22.apply(ExpectedConditions.java:624)
at org.openqa.selenium.support.ui.FluentWait.until(FluentWait.java:203)
at utilities.WaitHelper.waitForElementToBeClickable(WaitHelper.java:26)
at locators.HomePage.clickSubMenuLink(HomePage.java:52)
at stepDefinitions.homePageSteps.user_clicks_sub_link_under_top_menu(homePageSteps.java:30)
at ✽.user clicks sub link under top menu "CloudBees CD/RO"(file:///C:/Users/acer/eclipse-workspace/Cloud/src/test/resources/features/webpage.feature:7)
]]>
    </failure>
  </testcase> <!-- runScenario -->
</testsuite> <!-- Surefire test -->
