<?xml version="1.0" encoding="UTF-8"?>
<testsuite xmlns:xsi="http://www.w3.org/2001/XMLSchema-instance" xsi:noNamespaceSchemaLocation="https://maven.apache.org/surefire/maven-surefire-plugin/xsd/surefire-test-report-3.0.xsd" version="3.0" name="TestSuite" time="23.68" tests="1" errors="0" skipped="0" failures="1">
  <properties>
[...]
</properties>
  <testcase name="runScenario[&quot;Validate CloudBees Application Flow&quot;, &quot;CloudBees Website Testing&quot;](1)" classname="runners.TestRunner" time="22.174">
    <failure message="Locator must be set" type="java.lang.IllegalArgumentException"><![CDATA[java.lang.IllegalArgumentException: Locator must be set
	at org.openqa.selenium.internal.Require.nonNull(Require.java:64)
	at org.openqa.selenium.remote.RemoteWebDriver.findElement(RemoteWebDriver.java:360)
	at org.openqa.selenium.support.ui.ExpectedConditions$7.apply(ExpectedConditions.java:194)
	at org.openqa.selenium.support.ui.ExpectedConditions$7.apply(ExpectedConditions.java:190)
	at org.openqa.selenium.support.ui.ExpectedConditions$22.apply(ExpectedConditions.java:627)
	at org.openqa.selenium.support.ui.ExpectedConditions$22.apply(ExpectedConditions.java:624)
	at org.openqa.selenium.support.ui.FluentWait.until(FluentWait.java:203)
	at utilities.WaitHelper.waitForElementToBeClickable(WaitHelper.java:26)
	at locators.HomePage.clickSubMenuLink(HomePage.java:52)
	at stepDefinitions.homePageSteps.user_clicks_sub_link_under_top_menu(homePageSteps.java:30)
	at ✽.user clicks sub link under top menu "CloudBees CD/RO"(file:///C:/Users/acer/eclipse-workspace/Cloud/src/test/resources/features/webpage.feature:7)
]]></failure>
    <system-out><![CDATA[
@Webpage
Scenario: Validate CloudBees Application Flow                                                         # src/test/resources/features/webpage.feature:4
  Given user opens the application "https://www.cloudbees.com/"                                       # stepDefinitions.homePageSteps.user_opens_the_application(java.lang.String)
  When user clicks top menu link "Products"                                                           # stepDefinitions.homePageSteps.user_clicks_top_menu_link(java.lang.String)
  And user clicks sub link under top menu "CloudBees CD/RO"                                           # stepDefinitions.homePageSteps.user_clicks_sub_link_under_top_menu(java.lang.String)
      java.lang.IllegalArgumentException: Locator must be set
      	at org.openqa.selenium.internal.Require.nonNull(Require.java:64)
      	at org.openqa.selenium.remote.RemoteWebDriver.findElement(RemoteWebDriver.java:360)
      	at org.openqa.selenium.support.ui.ExpectedConditions$7.apply(ExpectedConditions.java:194)
      	at org.openqa.selenium.support.ui.ExpectedConditions$7.apply(ExpectedConditions.java:190)
      	at org.openqa.selenium.support.ui.ExpectedConditions$22.apply(ExpectedConditions.java:627)
      	at org.openqa.selenium.support.ui.ExpectedConditions$22.apply(ExpectedConditions.java:624)
      	at org.openqa.selenium.support.ui.FluentWait.until(FluentWait.java:203)
      	at utilities.WaitHelper.waitForElementToBeClickable(WaitHelper.java:26)
      	at locators.HomePage.clickSubMenuLink(HomePage.java:52)
      	at stepDefinitions.homePageSteps.user_clicks_sub_link_under_top_menu(homePageSteps.java:30)
      	at ✽.user clicks sub link under top menu "CloudBees CD/RO"(file:///C:/Users/acer/eclipse-workspace/Cloud/src/test/resources/features/webpage.feature:7)
  Then user verifies Cost Savings is "$2m"                                                            # stepDefinitions.productPageSteps.user_verifies_Cost_Savings(java.lang.String)
  And user scrolls down and clicks link                                                               # stepDefinitions.productPageSteps.user_scrolls_down_and_clicks_link()
  Then user verifies text under "Release Governance" section is "Generate single-click audit reports" # stepDefinitions.productPageSteps.verifyTextUnderSection(java.lang.String,java.lang.String)
  When user clicks top menu link
  And user clicks sub link under top menu
  Then user verifies a new tab is opened                                                              # stepDefinitions.resourcesPageSteps.user_verifies_a_new_tab_is_opened()
  When user clicks in the text field "Search all CloudBees Resources"                                 # stepDefinitions.documentationPageSteps.user_clicks_in_the_text_field(java.lang.String)
  Then user verifies a new page is opened in same tab                                                 # stepDefinitions.documentationPageSteps.user_verifies_a_new_page_is_opened_in_same_tab()
  When user searches for word "Installation"                                                          # stepDefinitions.documentationPageSteps.user_searches_for_word(java.lang.String)
  Then user verifies pagination options are visible at the bottom                                     # stepDefinitions.documentationPageSteps.user_verifies_pagination_options_are_visible_at_the_bottom()
]]></system-out>
    <system-err><![CDATA[SLF4J(W): No SLF4J providers were found.
SLF4J(W): Defaulting to no-operation (NOP) logger implementation
SLF4J(W): See https://www.slf4j.org/codes.html#noProviders for further details.
]]></system-err>
  </testcase>
</testsuite>