<?xml version="1.0" encoding="UTF-8"?>
<testng-results ignored="0" total="3" passed="3" failed="0" skipped="0">
  <reporter-output>
  </reporter-output>
  <suite started-at="2025-05-19T01:56:56 IST" name="Default suite" finished-at="2025-05-19T01:58:02 IST" duration-ms="65338">
    <groups>
      <group name="cucumber">
        <method signature="AbstractTestNGCucumberTests.runScenario(io.cucumber.testng.PickleWrapper,io.cucumber.testng.FeatureWrapper)[pri:0, instance:runners.TestRunner@68c72235]" name="runScenario" class="io.cucumber.testng.AbstractTestNGCucumberTests"/>
      </group> <!-- cucumber -->
    </groups>
    <test started-at="2025-05-19T01:56:56 IST" name="Default test" finished-at="2025-05-19T01:58:02 IST" duration-ms="65338">
      <class name="runners.TestRunner">
        <test-method is-config="true" signature="setUpClass(org.testng.ITestContext)[pri:0, instance:runners.TestRunner@68c72235]" started-at="2025-05-19T01:56:56 IST" name="setUpClass" finished-at="2025-05-19T01:56:57 IST" duration-ms="908" status="PASS">
          <params>
            <param index="0">
              <value>
                <![CDATA[org.testng.TestRunner@161aa04a]]>
              </value>
            </param>
          </params>
          <reporter-output>
          </reporter-output>
        </test-method> <!-- setUpClass -->
        <test-method signature="runScenario(io.cucumber.testng.PickleWrapper,io.cucumber.testng.FeatureWrapper)[pri:0, instance:runners.TestRunner@68c72235]" started-at="2025-05-19T01:56:57 IST" name="runScenario" description="Runs Cucumber Scenarios" data-provider="scenarios" finished-at="2025-05-19T01:57:01 IST" duration-ms="4062" status="PASS">
          <params>
            <param index="0">
              <value>
                <![CDATA["Clone repo and add a new file with content"]]>
              </value>
            </param>
            <param index="1">
              <value>
                <![CDATA["Git Repository Operations"]]>
              </value>
            </param>
          </params>
          <reporter-output>
          </reporter-output>
        </test-method> <!-- runScenario -->
        <test-method signature="runScenario(io.cucumber.testng.PickleWrapper,io.cucumber.testng.FeatureWrapper)[pri:0, instance:runners.TestRunner@68c72235]" started-at="2025-05-19T01:57:01 IST" name="runScenario" description="Runs Cucumber Scenarios" data-provider="scenarios" finished-at="2025-05-19T01:57:05 IST" duration-ms="3546" status="PASS">
          <params>
            <param index="0">
              <value>
                <![CDATA["Clone repo and append content to an existing file"]]>
              </value>
            </param>
            <param index="1">
              <value>
                <![CDATA["Git Repository Operations"]]>
              </value>
            </param>
          </params>
          <reporter-output>
          </reporter-output>
        </test-method> <!-- runScenario -->
        <test-method signature="runScenario(io.cucumber.testng.PickleWrapper,io.cucumber.testng.FeatureWrapper)[pri:0, instance:runners.TestRunner@68c72235]" started-at="2025-05-19T01:57:05 IST" name="runScenario" description="Runs Cucumber Scenarios" data-provider="scenarios" finished-at="2025-05-19T01:58:02 IST" duration-ms="56707" status="PASS">
          <params>
            <param index="0">
              <value>
                <![CDATA["Validate CloudBees Application Flow"]]>
              </value>
            </param>
            <param index="1">
              <value>
                <![CDATA["CloudBees Website Testing"]]>
              </value>
            </param>
          </params>
          <reporter-output>
          </reporter-output>
        </test-method> <!-- runScenario -->
        <test-method is-config="true" signature="tearDownClass()[pri:0, instance:runners.TestRunner@68c72235]" started-at="2025-05-19T01:58:02 IST" name="tearDownClass" finished-at="2025-05-19T01:58:02 IST" duration-ms="60" status="PASS">
          <reporter-output>
          </reporter-output>
        </test-method> <!-- tearDownClass -->
      </class> <!-- runners.TestRunner -->
    </test> <!-- Default test -->
  </suite> <!-- Default suite -->
</testng-results>
